Using pre-set license
Built from '6000.0/release' branch; Version is '6000.0.44f1 (101c91f3a8fb) revision 1055889'; Using compiler version '193933523'; Build Type 'Release'
OS: 'Windows 11  (10.0.26100) 64bit Core' Language: 'en' Physical Memory: 32551 MB
BatchMode: 1, IsHumanControllingUs: 0, StartBugReporterOnCrash: 0, Is64bit: 1, IsPro: 1

COMMAND LINE ARGUMENTS:
C:\Program Files\Unity\Hub\Editor\6000.0.44f1\Editor\Unity.exe
-adb2
-batchMode
-noUpm
-name
AssetImportWorker0
-projectPath
C:/Users/andre/Unity Games/Turn Based Test
-logFile
Logs/AssetImportWorker0.log
-srvPort
62140
-job-worker-count
7
-background-job-worker-count
8
-gc-helper-count
1
Successfully changed project path to: C:/Users/andre/Unity Games/Turn Based Test
C:/Users/andre/Unity Games/Turn Based Test
[UnityMemory] Configuration Parameters - Can be set up in boot.config
    "memorysetup-bucket-allocator-granularity=16"
    "memorysetup-bucket-allocator-bucket-count=8"
    "memorysetup-bucket-allocator-block-size=33554432"
    "memorysetup-bucket-allocator-block-count=8"
    "memorysetup-main-allocator-block-size=16777216"
    "memorysetup-thread-allocator-block-size=16777216"
    "memorysetup-gfx-main-allocator-block-size=16777216"
    "memorysetup-gfx-thread-allocator-block-size=16777216"
    "memorysetup-cache-allocator-block-size=4194304"
    "memorysetup-typetree-allocator-block-size=2097152"
    "memorysetup-profiler-bucket-allocator-granularity=16"
    "memorysetup-profiler-bucket-allocator-bucket-count=8"
    "memorysetup-profiler-bucket-allocator-block-size=33554432"
    "memorysetup-profiler-bucket-allocator-block-count=8"
    "memorysetup-profiler-allocator-block-size=16777216"
    "memorysetup-profiler-editor-allocator-block-size=1048576"
    "memorysetup-temp-allocator-size-main=16777216"
    "memorysetup-job-temp-allocator-block-size=2097152"
    "memorysetup-job-temp-allocator-block-size-background=1048576"
    "memorysetup-job-temp-allocator-reduction-small-platforms=262144"
    "memorysetup-allocator-temp-initial-block-size-main=262144"
    "memorysetup-allocator-temp-initial-block-size-worker=262144"
    "memorysetup-temp-allocator-size-background-worker=32768"
    "memorysetup-temp-allocator-size-job-worker=262144"
    "memorysetup-temp-allocator-size-preload-manager=33554432"
    "memorysetup-temp-allocator-size-nav-mesh-worker=65536"
    "memorysetup-temp-allocator-size-audio-worker=65536"
    "memorysetup-temp-allocator-size-cloud-worker=32768"
    "memorysetup-temp-allocator-size-gi-baking-worker=262144"
    "memorysetup-temp-allocator-size-gi-baking-worker=262144"
    "memorysetup-temp-allocator-size-gi-baking-worker=262144"
    "memorysetup-temp-allocator-size-gi-baking-worker=262144"
    "memorysetup-temp-allocator-size-gi-baking-worker=262144"
    "memorysetup-temp-allocator-size-gfx=262144"
Player connection [13568]  Target information:

Player connection [13568]  * "[IP] 192.168.50.56 [Port] 0 [Flags] 2 [Guid] 320269326 [EditorId] 320269326 [Version] 1048832 [Id] WindowsEditor(7,DESKTOP-6KAAU5K) [Debug] 1 [PackageName] WindowsEditor [ProjectName] Editor" 

Player connection [13568] Host joined multi-casting on [225.0.0.222:54997]...
Player connection [13568] Host joined alternative multi-casting on [225.0.0.222:34997]...
JobSystem: Creating JobQueue using job-worker-count value 7
Input System module state changed to: Initialized.
[Physics::Module] Initialized fallback backend.
[Physics::Module] Id: 0xdecafbad
Library Redirect Path: Library/
[Physics::Module] Selected backend.
[Physics::Module] Name: PhysX
[Physics::Module] Id: 0xf2b8ea05
[Physics::Module] SDK Version: 4.1.2
[Physics::Module] Integration Version: 1.0.0
[Physics::Module] Threading Mode: Multi-Threaded
Refreshing native plugins compatible for Editor in 2.12 ms, found 4 plugins.
Preloading 0 native plugins for Editor in 0.00 ms.
Initialize engine version: 6000.0.44f1 (101c91f3a8fb)
[Subsystems] Discovering subsystems at path C:/Program Files/Unity/Hub/Editor/6000.0.44f1/Editor/Data/Resources/UnitySubsystems
[Subsystems] Discovering subsystems at path C:/Users/andre/Unity Games/Turn Based Test/Assets
GfxDevice: creating device client; kGfxThreadingModeNonThreaded
Direct3D:
    Version:  Direct3D 11.0 [level 11.1]
    Renderer: AMD Radeon RX 6750 XT (ID=0x73df)
    Vendor:   ATI
    VRAM:     12242 MB
    Driver:   32.0.21013.1000
Initialize mono
Mono path[0] = 'C:/Program Files/Unity/Hub/Editor/6000.0.44f1/Editor/Data/Managed'
Mono path[1] = 'C:/Program Files/Unity/Hub/Editor/6000.0.44f1/Editor/Data/MonoBleedingEdge/lib/mono/unityjit-win32'
Mono config path = 'C:/Program Files/Unity/Hub/Editor/6000.0.44f1/Editor/Data/MonoBleedingEdge/etc'
Using monoOptions --debugger-agent=transport=dt_socket,embedding=1,server=y,suspend=n,address=127.0.0.1:56068
Begin MonoManager ReloadAssembly
Registering precompiled unity dll's ...
Register platform support module: C:/Program Files/Unity/Hub/Editor/6000.0.44f1/Editor/Data/PlaybackEngines/WebGLSupport/UnityEditor.WebGL.Extensions.dll
Register platform support module: C:/Program Files/Unity/Hub/Editor/6000.0.44f1/Editor/Data/PlaybackEngines/WindowsStandaloneSupport/UnityEditor.WindowsStandalone.Extensions.dll
Registered in 0.003155 seconds.
- Loaded All Assemblies, in  0.319 seconds
Native extension for WindowsStandalone target not found
Native extension for WebGL target not found
Mono: successfully reloaded assembly
- Finished resetting the current domain, in  0.276 seconds
Domain Reload Profiling: 593ms
	BeginReloadAssembly (105ms)
		ExecutionOrderSort (0ms)
		DisableScriptedObjects (0ms)
		BackupInstance (0ms)
		ReleaseScriptingObjects (0ms)
		CreateAndSetChildDomain (1ms)
	RebuildCommonClasses (27ms)
	RebuildNativeTypeToScriptingClass (9ms)
	initialDomainReloadingComplete (45ms)
	LoadAllAssembliesAndSetupDomain (130ms)
		LoadAssemblies (103ms)
		RebuildTransferFunctionScriptingTraits (0ms)
		AnalyzeDomain (128ms)
			TypeCache.Refresh (126ms)
				TypeCache.ScanAssembly (116ms)
			BuildScriptInfoCaches (0ms)
			ResolveRequiredComponents (0ms)
	FinalizeReload (277ms)
		ReleaseScriptCaches (0ms)
		RebuildScriptCaches (0ms)
		SetupLoadedEditorAssemblies (240ms)
			LogAssemblyErrors (0ms)
			InitializePlatformSupportModulesInManaged (21ms)
			SetLoadedEditorAssemblies (4ms)
			BeforeProcessingInitializeOnLoad (46ms)
			ProcessInitializeOnLoadAttributes (125ms)
			ProcessInitializeOnLoadMethodAttributes (43ms)
			AfterProcessingInitializeOnLoad (0ms)
			EditorAssembliesLoaded (0ms)
		ExecutionOrderSort2 (0ms)
		AwakeInstancesAfterBackupRestoration (0ms)
========================================================================
Worker process is ready to serve import requests
Import Worker Mode flag is 0x00
Begin MonoManager ReloadAssembly
- Loaded All Assemblies, in  0.665 seconds
Refreshing native plugins compatible for Editor in 1.38 ms, found 4 plugins.
Native extension for WindowsStandalone target not found
Native extension for WebGL target not found
Mono: successfully reloaded assembly
- Finished resetting the current domain, in  0.662 seconds
Domain Reload Profiling: 1322ms
	BeginReloadAssembly (136ms)
		ExecutionOrderSort (0ms)
		DisableScriptedObjects (5ms)
		BackupInstance (0ms)
		ReleaseScriptingObjects (0ms)
		CreateAndSetChildDomain (22ms)
	RebuildCommonClasses (31ms)
	RebuildNativeTypeToScriptingClass (9ms)
	initialDomainReloadingComplete (34ms)
	LoadAllAssembliesAndSetupDomain (449ms)
		LoadAssemblies (300ms)
		RebuildTransferFunctionScriptingTraits (0ms)
		AnalyzeDomain (229ms)
			TypeCache.Refresh (170ms)
				TypeCache.ScanAssembly (156ms)
			BuildScriptInfoCaches (49ms)
			ResolveRequiredComponents (9ms)
	FinalizeReload (663ms)
		ReleaseScriptCaches (0ms)
		RebuildScriptCaches (0ms)
		SetupLoadedEditorAssemblies (532ms)
			LogAssemblyErrors (0ms)
			InitializePlatformSupportModulesInManaged (3ms)
			SetLoadedEditorAssemblies (4ms)
			BeforeProcessingInitializeOnLoad (95ms)
			ProcessInitializeOnLoadAttributes (330ms)
			ProcessInitializeOnLoadMethodAttributes (94ms)
			AfterProcessingInitializeOnLoad (6ms)
			EditorAssembliesLoaded (0ms)
		ExecutionOrderSort2 (0ms)
		AwakeInstancesAfterBackupRestoration (5ms)
Launched and connected shader compiler UnityShaderCompiler.exe after 0.01 seconds
Refreshing native plugins compatible for Editor in 1.60 ms, found 4 plugins.
Preloading 0 native plugins for Editor in 0.00 ms.
Unloading 215 Unused Serialized files (Serialized files now loaded: 0)
Unloading 6661 unused Assets / (7.2 MB). Loaded Objects now: 7356.
Memory consumption went from 193.3 MB to 186.1 MB.
Total: 7.777200 ms (FindLiveObjects: 0.497200 ms CreateObjectMapping: 0.459000 ms MarkObjects: 3.705200 ms  DeleteObjects: 3.115000 ms)

========================================================================
Received Import Request.
  Time since last request: 424274.399501 seconds.
  path: Assets/abstractTile_02.prefab
  artifactKey: Guid(3ef338c7d6204534abd9f4b66a859f17) Importer(815301076,1909f56bfc062723c751e8b465ee728b)
Start importing Assets/abstractTile_02.prefab using Guid(3ef338c7d6204534abd9f4b66a859f17) Importer(815301076,1909f56bfc062723c751e8b465ee728b) (PreviewImporter) -> (artifact id: '206d4014d2ee6cc2ceb403295ef47459') in 0.4278946 seconds
Number of updated asset objects reloaded before import = 0Number of asset objects unloaded after import = 11

========================================================================
Received Import Request.
  Time since last request: 1.358942 seconds.
  path: Assets/abstractTile_02.prefab
  artifactKey: Guid(3ef338c7d6204534abd9f4b66a859f17) Importer(815301076,1909f56bfc062723c751e8b465ee728b)
Start importing Assets/abstractTile_02.prefab using Guid(3ef338c7d6204534abd9f4b66a859f17) Importer(815301076,1909f56bfc062723c751e8b465ee728b) (PreviewImporter) -> (artifact id: '122878de875fd4f24afb84c7f53d703f') in 0.0088957 seconds
Number of updated asset objects reloaded before import = 0Number of asset objects unloaded after import = 10

========================================================================
Received Import Request.
  Time since last request: 5.234238 seconds.
  path: Assets/abstractTile_02.prefab
  artifactKey: Guid(3ef338c7d6204534abd9f4b66a859f17) Importer(815301076,1909f56bfc062723c751e8b465ee728b)
Start importing Assets/abstractTile_02.prefab using Guid(3ef338c7d6204534abd9f4b66a859f17) Importer(815301076,1909f56bfc062723c751e8b465ee728b) (PreviewImporter) -> (artifact id: '4bbd88ed8b2947cbb880223eb159424f') in 0.0087776 seconds
Number of updated asset objects reloaded before import = 0Number of asset objects unloaded after import = 10

========================================================================
Received Import Request.
  Time since last request: 4.410497 seconds.
  path: Assets/abstractTile_02.prefab
  artifactKey: Guid(3ef338c7d6204534abd9f4b66a859f17) Importer(815301076,1909f56bfc062723c751e8b465ee728b)
Start importing Assets/abstractTile_02.prefab using Guid(3ef338c7d6204534abd9f4b66a859f17) Importer(815301076,1909f56bfc062723c751e8b465ee728b) (PreviewImporter) -> (artifact id: '5041fa1e2c06715aef2227a5ccc3cce5') in 0.0089828 seconds
Number of updated asset objects reloaded before import = 0Number of asset objects unloaded after import = 10

========================================================================
Received Import Request.
  Time since last request: 1.784610 seconds.
  path: Assets/abstractTile_02.prefab
  artifactKey: Guid(3ef338c7d6204534abd9f4b66a859f17) Importer(815301076,1909f56bfc062723c751e8b465ee728b)
Start importing Assets/abstractTile_02.prefab using Guid(3ef338c7d6204534abd9f4b66a859f17) Importer(815301076,1909f56bfc062723c751e8b465ee728b) (PreviewImporter) -> (artifact id: '2d5081535e9acd00a60c2485bb909777') in 0.0068972 seconds
Number of updated asset objects reloaded before import = 0Number of asset objects unloaded after import = 10

========================================================================
Received Import Request.
  Time since last request: 2.794771 seconds.
  path: Assets/abstractTile_02.prefab
  artifactKey: Guid(3ef338c7d6204534abd9f4b66a859f17) Importer(815301076,1909f56bfc062723c751e8b465ee728b)
Start importing Assets/abstractTile_02.prefab using Guid(3ef338c7d6204534abd9f4b66a859f17) Importer(815301076,1909f56bfc062723c751e8b465ee728b) (PreviewImporter) -> (artifact id: 'a7fae22bed67c2cee59c7e7babbbf617') in 0.0072121 seconds
Number of updated asset objects reloaded before import = 0Number of asset objects unloaded after import = 10

========================================================================
Received Import Request.
  Time since last request: 6.463117 seconds.
  path: Assets/abstractTile_02.prefab
  artifactKey: Guid(3ef338c7d6204534abd9f4b66a859f17) Importer(815301076,1909f56bfc062723c751e8b465ee728b)
Start importing Assets/abstractTile_02.prefab using Guid(3ef338c7d6204534abd9f4b66a859f17) Importer(815301076,1909f56bfc062723c751e8b465ee728b) (PreviewImporter) -> (artifact id: '5570740a0ee064618ff5ac0e92d17a9a') in 0.0070976 seconds
Number of updated asset objects reloaded before import = 0Number of asset objects unloaded after import = 10

========================================================================
Received Import Request.
  Time since last request: 1.586144 seconds.
  path: Assets/abstractTile_02.prefab
  artifactKey: Guid(3ef338c7d6204534abd9f4b66a859f17) Importer(815301076,1909f56bfc062723c751e8b465ee728b)
Start importing Assets/abstractTile_02.prefab using Guid(3ef338c7d6204534abd9f4b66a859f17) Importer(815301076,1909f56bfc062723c751e8b465ee728b) (PreviewImporter) -> (artifact id: 'ac9e7a2a275616af834690da4911c513') in 0.0078011 seconds
Number of updated asset objects reloaded before import = 0Number of asset objects unloaded after import = 10

========================================================================
Received Import Request.
  Time since last request: 0.977986 seconds.
  path: Assets/abstractTile_02.prefab
  artifactKey: Guid(3ef338c7d6204534abd9f4b66a859f17) Importer(815301076,1909f56bfc062723c751e8b465ee728b)
Start importing Assets/abstractTile_02.prefab using Guid(3ef338c7d6204534abd9f4b66a859f17) Importer(815301076,1909f56bfc062723c751e8b465ee728b) (PreviewImporter) -> (artifact id: 'e308c766b7f207f1a5e406e591e52c4d') in 0.0093441 seconds
Number of updated asset objects reloaded before import = 0Number of asset objects unloaded after import = 10

========================================================================
Received Import Request.
  Time since last request: 1.792866 seconds.
  path: Assets/abstractTile_02.prefab
  artifactKey: Guid(3ef338c7d6204534abd9f4b66a859f17) Importer(815301076,1909f56bfc062723c751e8b465ee728b)
Start importing Assets/abstractTile_02.prefab using Guid(3ef338c7d6204534abd9f4b66a859f17) Importer(815301076,1909f56bfc062723c751e8b465ee728b) (PreviewImporter) -> (artifact id: '83b8efbdce6278c3ded8e37698e2a135') in 0.0070009 seconds
Number of updated asset objects reloaded before import = 0Number of asset objects unloaded after import = 10

========================================================================
Received Import Request.
  Time since last request: 1.187293 seconds.
  path: Assets/abstractTile_02.prefab
  artifactKey: Guid(3ef338c7d6204534abd9f4b66a859f17) Importer(815301076,1909f56bfc062723c751e8b465ee728b)
Start importing Assets/abstractTile_02.prefab using Guid(3ef338c7d6204534abd9f4b66a859f17) Importer(815301076,1909f56bfc062723c751e8b465ee728b) (PreviewImporter) -> (artifact id: '2a70a8e66da48e89ed40842a8206c01d') in 0.0105967 seconds
Number of updated asset objects reloaded before import = 0Number of asset objects unloaded after import = 10

========================================================================
Received Import Request.
  Time since last request: 1.380289 seconds.
  path: Assets/abstractTile_02.prefab
  artifactKey: Guid(3ef338c7d6204534abd9f4b66a859f17) Importer(815301076,1909f56bfc062723c751e8b465ee728b)
Start importing Assets/abstractTile_02.prefab using Guid(3ef338c7d6204534abd9f4b66a859f17) Importer(815301076,1909f56bfc062723c751e8b465ee728b) (PreviewImporter) -> (artifact id: '10b1ef4f5ad142180d56bfd91c6a756f') in 0.0069568 seconds
Number of updated asset objects reloaded before import = 0Number of asset objects unloaded after import = 10

========================================================================
Received Import Request.
  Time since last request: 4.417220 seconds.
  path: Assets/abstractTile_02.prefab
  artifactKey: Guid(3ef338c7d6204534abd9f4b66a859f17) Importer(815301076,1909f56bfc062723c751e8b465ee728b)
Start importing Assets/abstractTile_02.prefab using Guid(3ef338c7d6204534abd9f4b66a859f17) Importer(815301076,1909f56bfc062723c751e8b465ee728b) (PreviewImporter) -> (artifact id: '011b8e622c4b783b15db3eda8bb1b996') in 0.0076177 seconds
Number of updated asset objects reloaded before import = 0Number of asset objects unloaded after import = 10

========================================================================
Received Import Request.
  Time since last request: 1.781291 seconds.
  path: Assets/abstractTile_02.prefab
  artifactKey: Guid(3ef338c7d6204534abd9f4b66a859f17) Importer(815301076,1909f56bfc062723c751e8b465ee728b)
Start importing Assets/abstractTile_02.prefab using Guid(3ef338c7d6204534abd9f4b66a859f17) Importer(815301076,1909f56bfc062723c751e8b465ee728b) (PreviewImporter) -> (artifact id: '40a7cf4c6a1eafe3ca3a596c3cb1ef84') in 0.007326 seconds
Number of updated asset objects reloaded before import = 0Number of asset objects unloaded after import = 10

========================================================================
Received Import Request.
  Time since last request: 9.501415 seconds.
  path: Assets/abstractTile_02.prefab
  artifactKey: Guid(3ef338c7d6204534abd9f4b66a859f17) Importer(815301076,1909f56bfc062723c751e8b465ee728b)
Start importing Assets/abstractTile_02.prefab using Guid(3ef338c7d6204534abd9f4b66a859f17) Importer(815301076,1909f56bfc062723c751e8b465ee728b) (PreviewImporter) -> (artifact id: '4986b0d00fe8e44f59b71d548a9eb81e') in 0.0080554 seconds
Number of updated asset objects reloaded before import = 0Number of asset objects unloaded after import = 9

========================================================================
Received Import Request.
  Time since last request: 8.862015 seconds.
  path: Assets/abstractTile_02.prefab
  artifactKey: Guid(3ef338c7d6204534abd9f4b66a859f17) Importer(815301076,1909f56bfc062723c751e8b465ee728b)
Start importing Assets/abstractTile_02.prefab using Guid(3ef338c7d6204534abd9f4b66a859f17) Importer(815301076,1909f56bfc062723c751e8b465ee728b) (PreviewImporter) -> (artifact id: '6c137e4a2e5c50e00891bafa8328d0f7') in 0.0069016 seconds
Number of updated asset objects reloaded before import = 0Number of asset objects unloaded after import = 10

========================================================================
Received Import Request.
  Time since last request: 0.778771 seconds.
  path: Assets/abstractTile_02.prefab
  artifactKey: Guid(3ef338c7d6204534abd9f4b66a859f17) Importer(815301076,1909f56bfc062723c751e8b465ee728b)
Start importing Assets/abstractTile_02.prefab using Guid(3ef338c7d6204534abd9f4b66a859f17) Importer(815301076,1909f56bfc062723c751e8b465ee728b) (PreviewImporter) -> (artifact id: 'b43063ac3d47278cbc913064ad475840') in 0.0080155 seconds
Number of updated asset objects reloaded before import = 0Number of asset objects unloaded after import = 10

========================================================================
Received Import Request.
  Time since last request: 34.989060 seconds.
  path: Assets/abstractTile_02.prefab
  artifactKey: Guid(3ef338c7d6204534abd9f4b66a859f17) Importer(815301076,1909f56bfc062723c751e8b465ee728b)
Start importing Assets/abstractTile_02.prefab using Guid(3ef338c7d6204534abd9f4b66a859f17) Importer(815301076,1909f56bfc062723c751e8b465ee728b) (PreviewImporter) -> (artifact id: '0e504a5e9d9d23422fed9faec99affdb') in 0.0091957 seconds
Number of updated asset objects reloaded before import = 0Number of asset objects unloaded after import = 9

========================================================================
Received Import Request.
  Time since last request: 49.812210 seconds.
  path: Assets/abstractTile_02.prefab
  artifactKey: Guid(3ef338c7d6204534abd9f4b66a859f17) Importer(815301076,1909f56bfc062723c751e8b465ee728b)
Start importing Assets/abstractTile_02.prefab using Guid(3ef338c7d6204534abd9f4b66a859f17) Importer(815301076,1909f56bfc062723c751e8b465ee728b) (PreviewImporter) -> (artifact id: '5ef65a3ff2e88b5a5d2af378a85016eb') in 0.0067325 seconds
Number of updated asset objects reloaded before import = 0Number of asset objects unloaded after import = 10

========================================================================
Received Import Request.
  Time since last request: 7.632424 seconds.
  path: Assets/abstractTile_02.prefab
  artifactKey: Guid(3ef338c7d6204534abd9f4b66a859f17) Importer(815301076,1909f56bfc062723c751e8b465ee728b)
Start importing Assets/abstractTile_02.prefab using Guid(3ef338c7d6204534abd9f4b66a859f17) Importer(815301076,1909f56bfc062723c751e8b465ee728b) (PreviewImporter) -> (artifact id: '48a58058f27825a42f13a4a6198f3d50') in 0.008949 seconds
Number of updated asset objects reloaded before import = 0Number of asset objects unloaded after import = 10

========================================================================
Received Import Request.
  Time since last request: 2.594896 seconds.
  path: Assets/abstractTile_02.prefab
  artifactKey: Guid(3ef338c7d6204534abd9f4b66a859f17) Importer(815301076,1909f56bfc062723c751e8b465ee728b)
Start importing Assets/abstractTile_02.prefab using Guid(3ef338c7d6204534abd9f4b66a859f17) Importer(815301076,1909f56bfc062723c751e8b465ee728b) (PreviewImporter) -> (artifact id: 'aedb3243cdc874b707414831fed60731') in 0.007252 seconds
Number of updated asset objects reloaded before import = 0Number of asset objects unloaded after import = 10

========================================================================
Received Import Request.
  Time since last request: 1.988740 seconds.
  path: Assets/abstractTile_02.prefab
  artifactKey: Guid(3ef338c7d6204534abd9f4b66a859f17) Importer(815301076,1909f56bfc062723c751e8b465ee728b)
Start importing Assets/abstractTile_02.prefab using Guid(3ef338c7d6204534abd9f4b66a859f17) Importer(815301076,1909f56bfc062723c751e8b465ee728b) (PreviewImporter) -> (artifact id: '4ee234796cf08566014e45ac7aeb8163') in 0.007904 seconds
Number of updated asset objects reloaded before import = 0Number of asset objects unloaded after import = 10

========================================================================
Received Import Request.
  Time since last request: 4.009845 seconds.
  path: Assets/abstractTile_02.prefab
  artifactKey: Guid(3ef338c7d6204534abd9f4b66a859f17) Importer(815301076,1909f56bfc062723c751e8b465ee728b)
Start importing Assets/abstractTile_02.prefab using Guid(3ef338c7d6204534abd9f4b66a859f17) Importer(815301076,1909f56bfc062723c751e8b465ee728b) (PreviewImporter) -> (artifact id: 'd17ca9d791f07d53945bc6e0179a9712') in 0.0075812 seconds
Number of updated asset objects reloaded before import = 0Number of asset objects unloaded after import = 10

========================================================================
Received Import Request.
  Time since last request: 3.396583 seconds.
  path: Assets/abstractTile_02.prefab
  artifactKey: Guid(3ef338c7d6204534abd9f4b66a859f17) Importer(815301076,1909f56bfc062723c751e8b465ee728b)
Start importing Assets/abstractTile_02.prefab using Guid(3ef338c7d6204534abd9f4b66a859f17) Importer(815301076,1909f56bfc062723c751e8b465ee728b) (PreviewImporter) -> (artifact id: 'e240b0e189c28fb4dd44c97927ac17c0') in 0.0074778 seconds
Number of updated asset objects reloaded before import = 0Number of asset objects unloaded after import = 10

========================================================================
Received Import Request.
  Time since last request: 4.000790 seconds.
  path: Assets/abstractTile_02.prefab
  artifactKey: Guid(3ef338c7d6204534abd9f4b66a859f17) Importer(815301076,1909f56bfc062723c751e8b465ee728b)
Start importing Assets/abstractTile_02.prefab using Guid(3ef338c7d6204534abd9f4b66a859f17) Importer(815301076,1909f56bfc062723c751e8b465ee728b) (PreviewImporter) -> (artifact id: 'a896792299ff194d6f7fc3b33922a365') in 0.0066135 seconds
Number of updated asset objects reloaded before import = 0Number of asset objects unloaded after import = 10

========================================================================
Received Import Request.
  Time since last request: 1.797302 seconds.
  path: Assets/abstractTile_02.prefab
  artifactKey: Guid(3ef338c7d6204534abd9f4b66a859f17) Importer(815301076,1909f56bfc062723c751e8b465ee728b)
Start importing Assets/abstractTile_02.prefab using Guid(3ef338c7d6204534abd9f4b66a859f17) Importer(815301076,1909f56bfc062723c751e8b465ee728b) (PreviewImporter) -> (artifact id: '06ceb0c945bb95898b7f97b644352792') in 0.0099479 seconds
Number of updated asset objects reloaded before import = 0Number of asset objects unloaded after import = 10

========================================================================
Received Import Request.
  Time since last request: 2.389727 seconds.
  path: Assets/abstractTile_02.prefab
  artifactKey: Guid(3ef338c7d6204534abd9f4b66a859f17) Importer(815301076,1909f56bfc062723c751e8b465ee728b)
Start importing Assets/abstractTile_02.prefab using Guid(3ef338c7d6204534abd9f4b66a859f17) Importer(815301076,1909f56bfc062723c751e8b465ee728b) (PreviewImporter) -> (artifact id: 'ef4a39e0cf8f19d170d3d27ec7935bee') in 0.0068194 seconds
Number of updated asset objects reloaded before import = 0Number of asset objects unloaded after import = 10

========================================================================
Received Import Request.
  Time since last request: 1.191836 seconds.
  path: Assets/abstractTile_02.prefab
  artifactKey: Guid(3ef338c7d6204534abd9f4b66a859f17) Importer(815301076,1909f56bfc062723c751e8b465ee728b)
Start importing Assets/abstractTile_02.prefab using Guid(3ef338c7d6204534abd9f4b66a859f17) Importer(815301076,1909f56bfc062723c751e8b465ee728b) (PreviewImporter) -> (artifact id: 'd2538d9d9ad1ed29d03283f45360d244') in 0.0078773 seconds
Number of updated asset objects reloaded before import = 0Number of asset objects unloaded after import = 10

========================================================================
Received Import Request.
  Time since last request: 4.224865 seconds.
  path: Assets/abstractTile_02.prefab
  artifactKey: Guid(3ef338c7d6204534abd9f4b66a859f17) Importer(815301076,1909f56bfc062723c751e8b465ee728b)
Start importing Assets/abstractTile_02.prefab using Guid(3ef338c7d6204534abd9f4b66a859f17) Importer(815301076,1909f56bfc062723c751e8b465ee728b) (PreviewImporter) -> (artifact id: '05f8d6d79e70615125f97538163dcaf5') in 0.0087359 seconds
Number of updated asset objects reloaded before import = 0Number of asset objects unloaded after import = 10

========================================================================
Received Import Request.
  Time since last request: 2.160288 seconds.
  path: Assets/abstractTile_02.prefab
  artifactKey: Guid(3ef338c7d6204534abd9f4b66a859f17) Importer(815301076,1909f56bfc062723c751e8b465ee728b)
Start importing Assets/abstractTile_02.prefab using Guid(3ef338c7d6204534abd9f4b66a859f17) Importer(815301076,1909f56bfc062723c751e8b465ee728b) (PreviewImporter) -> (artifact id: '65934d33d95ff50079bba524585ddb15') in 0.0068916 seconds
Number of updated asset objects reloaded before import = 0Number of asset objects unloaded after import = 10

========================================================================
Received Import Request.
  Time since last request: 2.185612 seconds.
  path: Assets/abstractTile_02.prefab
  artifactKey: Guid(3ef338c7d6204534abd9f4b66a859f17) Importer(815301076,1909f56bfc062723c751e8b465ee728b)
Start importing Assets/abstractTile_02.prefab using Guid(3ef338c7d6204534abd9f4b66a859f17) Importer(815301076,1909f56bfc062723c751e8b465ee728b) (PreviewImporter) -> (artifact id: '386b1bd07623e8b477b1e4aa60efda07') in 0.0090568 seconds
Number of updated asset objects reloaded before import = 0Number of asset objects unloaded after import = 10

========================================================================
Received Import Request.
  Time since last request: 0.970245 seconds.
  path: Assets/abstractTile_02.prefab
  artifactKey: Guid(3ef338c7d6204534abd9f4b66a859f17) Importer(815301076,1909f56bfc062723c751e8b465ee728b)
Start importing Assets/abstractTile_02.prefab using Guid(3ef338c7d6204534abd9f4b66a859f17) Importer(815301076,1909f56bfc062723c751e8b465ee728b) (PreviewImporter) -> (artifact id: 'e74f883f0de948fe7bbca95fdbf98331') in 0.0076062 seconds
Number of updated asset objects reloaded before import = 0Number of asset objects unloaded after import = 10

========================================================================
Received Import Request.
  Time since last request: 2.394198 seconds.
  path: Assets/abstractTile_02.prefab
  artifactKey: Guid(3ef338c7d6204534abd9f4b66a859f17) Importer(815301076,1909f56bfc062723c751e8b465ee728b)
Start importing Assets/abstractTile_02.prefab using Guid(3ef338c7d6204534abd9f4b66a859f17) Importer(815301076,1909f56bfc062723c751e8b465ee728b) (PreviewImporter) -> (artifact id: '335e0cde5395935fe31fc322f2b2c172') in 0.0067283 seconds
Number of updated asset objects reloaded before import = 0Number of asset objects unloaded after import = 10

========================================================================
Received Import Request.
  Time since last request: 2.186390 seconds.
  path: Assets/abstractTile_02.prefab
  artifactKey: Guid(3ef338c7d6204534abd9f4b66a859f17) Importer(815301076,1909f56bfc062723c751e8b465ee728b)
Start importing Assets/abstractTile_02.prefab using Guid(3ef338c7d6204534abd9f4b66a859f17) Importer(815301076,1909f56bfc062723c751e8b465ee728b) (PreviewImporter) -> (artifact id: 'ee091765e657a0ea5af915f9e9f5e02b') in 0.0067776 seconds
Number of updated asset objects reloaded before import = 0Number of asset objects unloaded after import = 10

========================================================================
Received Import Request.
  Time since last request: 4.003843 seconds.
  path: Assets/abstractTile_02.prefab
  artifactKey: Guid(3ef338c7d6204534abd9f4b66a859f17) Importer(815301076,1909f56bfc062723c751e8b465ee728b)
Start importing Assets/abstractTile_02.prefab using Guid(3ef338c7d6204534abd9f4b66a859f17) Importer(815301076,1909f56bfc062723c751e8b465ee728b) (PreviewImporter) -> (artifact id: '415aee25b14bf65bcef69d2f26bfd989') in 0.0068129 seconds
Number of updated asset objects reloaded before import = 0Number of asset objects unloaded after import = 10

========================================================================
Received Import Request.
  Time since last request: 3.600072 seconds.
  path: Assets/abstractTile_02.prefab
  artifactKey: Guid(3ef338c7d6204534abd9f4b66a859f17) Importer(815301076,1909f56bfc062723c751e8b465ee728b)
Start importing Assets/abstractTile_02.prefab using Guid(3ef338c7d6204534abd9f4b66a859f17) Importer(815301076,1909f56bfc062723c751e8b465ee728b) (PreviewImporter) -> (artifact id: '4192fde85ca9f74af3640b3b7e2e47ba') in 0.0077648 seconds
Number of updated asset objects reloaded before import = 0Number of asset objects unloaded after import = 10

========================================================================
Received Prepare
Begin MonoManager ReloadAssembly
- Loaded All Assemblies, in  0.616 seconds
Refreshing native plugins compatible for Editor in 1.51 ms, found 4 plugins.
Native extension for WindowsStandalone target not found
Native extension for WebGL target not found
Mono: successfully reloaded assembly
- Finished resetting the current domain, in  0.593 seconds
Domain Reload Profiling: 1208ms
	BeginReloadAssembly (191ms)
		ExecutionOrderSort (0ms)
		DisableScriptedObjects (20ms)
		BackupInstance (0ms)
		ReleaseScriptingObjects (0ms)
		CreateAndSetChildDomain (48ms)
	RebuildCommonClasses (28ms)
	RebuildNativeTypeToScriptingClass (11ms)
	initialDomainReloadingComplete (22ms)
	LoadAllAssembliesAndSetupDomain (363ms)
		LoadAssemblies (286ms)
		RebuildTransferFunctionScriptingTraits (0ms)
		AnalyzeDomain (161ms)
			TypeCache.Refresh (7ms)
				TypeCache.ScanAssembly (0ms)
			BuildScriptInfoCaches (142ms)
			ResolveRequiredComponents (9ms)
	FinalizeReload (593ms)
		ReleaseScriptCaches (0ms)
		RebuildScriptCaches (0ms)
		SetupLoadedEditorAssemblies (436ms)
			LogAssemblyErrors (0ms)
			InitializePlatformSupportModulesInManaged (4ms)
			SetLoadedEditorAssemblies (3ms)
			BeforeProcessingInitializeOnLoad (92ms)
			ProcessInitializeOnLoadAttributes (283ms)
			ProcessInitializeOnLoadMethodAttributes (50ms)
			AfterProcessingInitializeOnLoad (4ms)
			EditorAssembliesLoaded (0ms)
		ExecutionOrderSort2 (0ms)
		AwakeInstancesAfterBackupRestoration (13ms)
Refreshing native plugins compatible for Editor in 1.88 ms, found 4 plugins.
Preloading 0 native plugins for Editor in 0.00 ms.
Unloading 34 Unused Serialized files (Serialized files now loaded: 0)
Unloading 6660 unused Assets / (6.9 MB). Loaded Objects now: 7391.
Memory consumption went from 177.7 MB to 170.8 MB.
Total: 8.660300 ms (FindLiveObjects: 0.467600 ms CreateObjectMapping: 0.424100 ms MarkObjects: 3.671700 ms  DeleteObjects: 4.094900 ms)

Prepare: number of updated asset objects reloaded= 0
========================================================================
Received Import Request.
  Time since last request: 44.608003 seconds.
  path: Assets/abstractTile_02.prefab
  artifactKey: Guid(3ef338c7d6204534abd9f4b66a859f17) Importer(815301076,1909f56bfc062723c751e8b465ee728b)
Start importing Assets/abstractTile_02.prefab using Guid(3ef338c7d6204534abd9f4b66a859f17) Importer(815301076,1909f56bfc062723c751e8b465ee728b) (PreviewImporter) -> (artifact id: '69122430354343ae2f072c3ce0f36c95') in 0.3430392 seconds
Number of updated asset objects reloaded before import = 0Number of asset objects unloaded after import = 11

========================================================================
Received Import Request.
  Time since last request: 6.680829 seconds.
  path: Assets/abstractTile_02.prefab
  artifactKey: Guid(3ef338c7d6204534abd9f4b66a859f17) Importer(815301076,1909f56bfc062723c751e8b465ee728b)
Start importing Assets/abstractTile_02.prefab using Guid(3ef338c7d6204534abd9f4b66a859f17) Importer(815301076,1909f56bfc062723c751e8b465ee728b) (PreviewImporter) -> (artifact id: '04b0327a90627f87ba77374fc4f426ae') in 0.0076064 seconds
Number of updated asset objects reloaded before import = 0Number of asset objects unloaded after import = 10

========================================================================
Received Import Request.
  Time since last request: 6.435589 seconds.
  path: Assets/abstractTile_02.prefab
  artifactKey: Guid(3ef338c7d6204534abd9f4b66a859f17) Importer(815301076,1909f56bfc062723c751e8b465ee728b)
Start importing Assets/abstractTile_02.prefab using Guid(3ef338c7d6204534abd9f4b66a859f17) Importer(815301076,1909f56bfc062723c751e8b465ee728b) (PreviewImporter) -> (artifact id: 'da2e4902f8924e77736e9ad2c5686cfa') in 0.0065775 seconds
Number of updated asset objects reloaded before import = 0Number of asset objects unloaded after import = 10

========================================================================
Received Import Request.
  Time since last request: 6.008791 seconds.
  path: Assets/abstractTile_02.prefab
  artifactKey: Guid(3ef338c7d6204534abd9f4b66a859f17) Importer(815301076,1909f56bfc062723c751e8b465ee728b)
Start importing Assets/abstractTile_02.prefab using Guid(3ef338c7d6204534abd9f4b66a859f17) Importer(815301076,1909f56bfc062723c751e8b465ee728b) (PreviewImporter) -> (artifact id: '60137cd7238ab78a58c2bac163c112b9') in 0.0079305 seconds
Number of updated asset objects reloaded before import = 0Number of asset objects unloaded after import = 10

========================================================================
Received Import Request.
  Time since last request: 2.222389 seconds.
  path: Assets/abstractTile_02.prefab
  artifactKey: Guid(3ef338c7d6204534abd9f4b66a859f17) Importer(815301076,1909f56bfc062723c751e8b465ee728b)
Start importing Assets/abstractTile_02.prefab using Guid(3ef338c7d6204534abd9f4b66a859f17) Importer(815301076,1909f56bfc062723c751e8b465ee728b) (PreviewImporter) -> (artifact id: '62bdf6bb5da15c29ca02ba658160e3f7') in 0.0071248 seconds
Number of updated asset objects reloaded before import = 0Number of asset objects unloaded after import = 11

========================================================================
Received Import Request.
  Time since last request: 2.380764 seconds.
  path: Assets/abstractTile_02.prefab
  artifactKey: Guid(3ef338c7d6204534abd9f4b66a859f17) Importer(815301076,1909f56bfc062723c751e8b465ee728b)
Start importing Assets/abstractTile_02.prefab using Guid(3ef338c7d6204534abd9f4b66a859f17) Importer(815301076,1909f56bfc062723c751e8b465ee728b) (PreviewImporter) -> (artifact id: 'cec0e18d2924e58c29df1ea196e788f8') in 0.0073724 seconds
Number of updated asset objects reloaded before import = 0Number of asset objects unloaded after import = 11

========================================================================
Received Import Request.
  Time since last request: 3.216495 seconds.
  path: Assets/abstractTile_02.prefab
  artifactKey: Guid(3ef338c7d6204534abd9f4b66a859f17) Importer(815301076,1909f56bfc062723c751e8b465ee728b)
Start importing Assets/abstractTile_02.prefab using Guid(3ef338c7d6204534abd9f4b66a859f17) Importer(815301076,1909f56bfc062723c751e8b465ee728b) (PreviewImporter) -> (artifact id: 'eb50ce0b0a2e67bba75e6a6d3e700746') in 0.0081556 seconds
Number of updated asset objects reloaded before import = 0Number of asset objects unloaded after import = 11

========================================================================
Received Import Request.
  Time since last request: 4.819824 seconds.
  path: Assets/abstractTile_02.prefab
  artifactKey: Guid(3ef338c7d6204534abd9f4b66a859f17) Importer(815301076,1909f56bfc062723c751e8b465ee728b)
Start importing Assets/abstractTile_02.prefab using Guid(3ef338c7d6204534abd9f4b66a859f17) Importer(815301076,1909f56bfc062723c751e8b465ee728b) (PreviewImporter) -> (artifact id: '4f6d7bfd47f543af34f2548b7ca76de4') in 0.0075532 seconds
Number of updated asset objects reloaded before import = 0Number of asset objects unloaded after import = 11

========================================================================
Received Prepare
Begin MonoManager ReloadAssembly
- Loaded All Assemblies, in  0.596 seconds
Refreshing native plugins compatible for Editor in 1.26 ms, found 4 plugins.
Native extension for WindowsStandalone target not found
Native extension for WebGL target not found
Mono: successfully reloaded assembly
- Finished resetting the current domain, in  0.604 seconds
Domain Reload Profiling: 1199ms
	BeginReloadAssembly (185ms)
		ExecutionOrderSort (0ms)
		DisableScriptedObjects (20ms)
		BackupInstance (0ms)
		ReleaseScriptingObjects (0ms)
		CreateAndSetChildDomain (53ms)
	RebuildCommonClasses (25ms)
	RebuildNativeTypeToScriptingClass (11ms)
	initialDomainReloadingComplete (21ms)
	LoadAllAssembliesAndSetupDomain (353ms)
		LoadAssemblies (275ms)
		RebuildTransferFunctionScriptingTraits (0ms)
		AnalyzeDomain (152ms)
			TypeCache.Refresh (5ms)
				TypeCache.ScanAssembly (0ms)
			BuildScriptInfoCaches (135ms)
			ResolveRequiredComponents (8ms)
	FinalizeReload (604ms)
		ReleaseScriptCaches (0ms)
		RebuildScriptCaches (0ms)
		SetupLoadedEditorAssemblies (447ms)
			LogAssemblyErrors (0ms)
			InitializePlatformSupportModulesInManaged (3ms)
			SetLoadedEditorAssemblies (3ms)
			BeforeProcessingInitializeOnLoad (95ms)
			ProcessInitializeOnLoadAttributes (290ms)
			ProcessInitializeOnLoadMethodAttributes (51ms)
			AfterProcessingInitializeOnLoad (5ms)
			EditorAssembliesLoaded (0ms)
		ExecutionOrderSort2 (0ms)
		AwakeInstancesAfterBackupRestoration (14ms)
Refreshing native plugins compatible for Editor in 1.73 ms, found 4 plugins.
Preloading 0 native plugins for Editor in 0.00 ms.
Unloading 34 Unused Serialized files (Serialized files now loaded: 0)
Unloading 6660 unused Assets / (7.1 MB). Loaded Objects now: 7413.
Memory consumption went from 181.8 MB to 174.7 MB.
Total: 7.918900 ms (FindLiveObjects: 0.509400 ms CreateObjectMapping: 0.518700 ms MarkObjects: 4.100300 ms  DeleteObjects: 2.788200 ms)

Prepare: number of updated asset objects reloaded= 0
========================================================================
Received Prepare
Begin MonoManager ReloadAssembly
- Loaded All Assemblies, in  0.601 seconds
Refreshing native plugins compatible for Editor in 1.51 ms, found 4 plugins.
Native extension for WindowsStandalone target not found
Native extension for WebGL target not found
Mono: successfully reloaded assembly
- Finished resetting the current domain, in  0.594 seconds
Domain Reload Profiling: 1194ms
	BeginReloadAssembly (170ms)
		ExecutionOrderSort (0ms)
		DisableScriptedObjects (11ms)
		BackupInstance (0ms)
		ReleaseScriptingObjects (0ms)
		CreateAndSetChildDomain (38ms)
	RebuildCommonClasses (30ms)
	RebuildNativeTypeToScriptingClass (10ms)
	initialDomainReloadingComplete (29ms)
	LoadAllAssembliesAndSetupDomain (361ms)
		LoadAssemblies (288ms)
		RebuildTransferFunctionScriptingTraits (0ms)
		AnalyzeDomain (156ms)
			TypeCache.Refresh (6ms)
				TypeCache.ScanAssembly (0ms)
			BuildScriptInfoCaches (136ms)
			ResolveRequiredComponents (10ms)
	FinalizeReload (595ms)
		ReleaseScriptCaches (0ms)
		RebuildScriptCaches (0ms)
		SetupLoadedEditorAssemblies (433ms)
			LogAssemblyErrors (0ms)
			InitializePlatformSupportModulesInManaged (3ms)
			SetLoadedEditorAssemblies (4ms)
			BeforeProcessingInitializeOnLoad (88ms)
			ProcessInitializeOnLoadAttributes (287ms)
			ProcessInitializeOnLoadMethodAttributes (48ms)
			AfterProcessingInitializeOnLoad (4ms)
			EditorAssembliesLoaded (0ms)
		ExecutionOrderSort2 (0ms)
		AwakeInstancesAfterBackupRestoration (13ms)
Refreshing native plugins compatible for Editor in 1.57 ms, found 4 plugins.
Preloading 0 native plugins for Editor in 0.00 ms.
Unloading 34 Unused Serialized files (Serialized files now loaded: 0)
Unloading 6660 unused Assets / (7.1 MB). Loaded Objects now: 7415.
Memory consumption went from 181.6 MB to 174.5 MB.
Total: 7.618100 ms (FindLiveObjects: 0.604800 ms CreateObjectMapping: 0.420500 ms MarkObjects: 3.941800 ms  DeleteObjects: 2.650300 ms)

Prepare: number of updated asset objects reloaded= 0
========================================================================
Received Import Request.
  Time since last request: 162.006750 seconds.
  path: Assets/IgnoreAboveCollisions.cs
  artifactKey: Guid(8cd5fee0a8e67db4a832efbf995305ad) Importer(815301076,1909f56bfc062723c751e8b465ee728b)
Start importing Assets/IgnoreAboveCollisions.cs using Guid(8cd5fee0a8e67db4a832efbf995305ad) Importer(815301076,1909f56bfc062723c751e8b465ee728b) (PreviewImporter) -> (artifact id: 'ef91dca55c46b2dff281652b39c77d60') in 0.001625 seconds
Number of updated asset objects reloaded before import = 0Number of asset objects unloaded after import = 0

========================================================================
Received Import Request.
  Time since last request: 16.752567 seconds.
  path: Assets/abstractTile_02.prefab
  artifactKey: Guid(3ef338c7d6204534abd9f4b66a859f17) Importer(815301076,1909f56bfc062723c751e8b465ee728b)
Start importing Assets/abstractTile_02.prefab using Guid(3ef338c7d6204534abd9f4b66a859f17) Importer(815301076,1909f56bfc062723c751e8b465ee728b) (PreviewImporter) -> (artifact id: 'f04907f84a0df24c3f7dcba889fc3394') in 0.3805346 seconds
Number of updated asset objects reloaded before import = 0Number of asset objects unloaded after import = 11

========================================================================
Received Prepare
Begin MonoManager ReloadAssembly
- Loaded All Assemblies, in  0.628 seconds
Refreshing native plugins compatible for Editor in 1.28 ms, found 4 plugins.
Native extension for WindowsStandalone target not found
Native extension for WebGL target not found
Mono: successfully reloaded assembly
- Finished resetting the current domain, in  0.626 seconds
Domain Reload Profiling: 1253ms
	BeginReloadAssembly (192ms)
		ExecutionOrderSort (0ms)
		DisableScriptedObjects (23ms)
		BackupInstance (0ms)
		ReleaseScriptingObjects (0ms)
		CreateAndSetChildDomain (50ms)
	RebuildCommonClasses (28ms)
	RebuildNativeTypeToScriptingClass (14ms)
	initialDomainReloadingComplete (22ms)
	LoadAllAssembliesAndSetupDomain (371ms)
		LoadAssemblies (288ms)
		RebuildTransferFunctionScriptingTraits (0ms)
		AnalyzeDomain (163ms)
			TypeCache.Refresh (7ms)
				TypeCache.ScanAssembly (0ms)
			BuildScriptInfoCaches (144ms)
			ResolveRequiredComponents (9ms)
	FinalizeReload (626ms)
		ReleaseScriptCaches (0ms)
		RebuildScriptCaches (0ms)
		SetupLoadedEditorAssemblies (463ms)
			LogAssemblyErrors (0ms)
			InitializePlatformSupportModulesInManaged (3ms)
			SetLoadedEditorAssemblies (3ms)
			BeforeProcessingInitializeOnLoad (103ms)
			ProcessInitializeOnLoadAttributes (304ms)
			ProcessInitializeOnLoadMethodAttributes (45ms)
			AfterProcessingInitializeOnLoad (5ms)
			EditorAssembliesLoaded (0ms)
		ExecutionOrderSort2 (0ms)
		AwakeInstancesAfterBackupRestoration (14ms)
Refreshing native plugins compatible for Editor in 1.49 ms, found 4 plugins.
Preloading 0 native plugins for Editor in 0.00 ms.
Unloading 34 Unused Serialized files (Serialized files now loaded: 0)
Unloading 6660 unused Assets / (6.9 MB). Loaded Objects now: 7437.
Memory consumption went from 185.9 MB to 179.0 MB.
Total: 7.262400 ms (FindLiveObjects: 0.506700 ms CreateObjectMapping: 0.427100 ms MarkObjects: 3.479100 ms  DeleteObjects: 2.848900 ms)

Prepare: number of updated asset objects reloaded= 0
========================================================================
Received Prepare
Begin MonoManager ReloadAssembly
- Loaded All Assemblies, in  0.631 seconds
Refreshing native plugins compatible for Editor in 1.29 ms, found 4 plugins.
Native extension for WindowsStandalone target not found
Native extension for WebGL target not found
Mono: successfully reloaded assembly
- Finished resetting the current domain, in  0.641 seconds
Domain Reload Profiling: 1271ms
	BeginReloadAssembly (169ms)
		ExecutionOrderSort (0ms)
		DisableScriptedObjects (11ms)
		BackupInstance (0ms)
		ReleaseScriptingObjects (0ms)
		CreateAndSetChildDomain (38ms)
	RebuildCommonClasses (28ms)
	RebuildNativeTypeToScriptingClass (9ms)
	initialDomainReloadingComplete (24ms)
	LoadAllAssembliesAndSetupDomain (399ms)
		LoadAssemblies (302ms)
		RebuildTransferFunctionScriptingTraits (0ms)
		AnalyzeDomain (173ms)
			TypeCache.Refresh (8ms)
				TypeCache.ScanAssembly (0ms)
			BuildScriptInfoCaches (153ms)
			ResolveRequiredComponents (9ms)
	FinalizeReload (641ms)
		ReleaseScriptCaches (0ms)
		RebuildScriptCaches (0ms)
		SetupLoadedEditorAssemblies (472ms)
			LogAssemblyErrors (0ms)
			InitializePlatformSupportModulesInManaged (3ms)
			SetLoadedEditorAssemblies (4ms)
			BeforeProcessingInitializeOnLoad (93ms)
			ProcessInitializeOnLoadAttributes (316ms)
			ProcessInitializeOnLoadMethodAttributes (52ms)
			AfterProcessingInitializeOnLoad (4ms)
			EditorAssembliesLoaded (0ms)
		ExecutionOrderSort2 (0ms)
		AwakeInstancesAfterBackupRestoration (12ms)
Refreshing native plugins compatible for Editor in 1.34 ms, found 4 plugins.
Preloading 0 native plugins for Editor in 0.00 ms.
Unloading 34 Unused Serialized files (Serialized files now loaded: 0)
Unloading 6660 unused Assets / (6.7 MB). Loaded Objects now: 7439.
Memory consumption went from 185.7 MB to 179.0 MB.
Total: 6.688800 ms (FindLiveObjects: 0.465100 ms CreateObjectMapping: 0.408300 ms MarkObjects: 3.473000 ms  DeleteObjects: 2.341800 ms)

Prepare: number of updated asset objects reloaded= 0
========================================================================
Received Prepare
Begin MonoManager ReloadAssembly
- Loaded All Assemblies, in  0.600 seconds
Refreshing native plugins compatible for Editor in 1.52 ms, found 4 plugins.
Native extension for WindowsStandalone target not found
Native extension for WebGL target not found
Mono: successfully reloaded assembly
- Finished resetting the current domain, in  0.613 seconds
Domain Reload Profiling: 1213ms
	BeginReloadAssembly (172ms)
		ExecutionOrderSort (0ms)
		DisableScriptedObjects (11ms)
		BackupInstance (0ms)
		ReleaseScriptingObjects (0ms)
		CreateAndSetChildDomain (39ms)
	RebuildCommonClasses (28ms)
	RebuildNativeTypeToScriptingClass (9ms)
	initialDomainReloadingComplete (23ms)
	LoadAllAssembliesAndSetupDomain (367ms)
		LoadAssemblies (287ms)
		RebuildTransferFunctionScriptingTraits (0ms)
		AnalyzeDomain (162ms)
			TypeCache.Refresh (6ms)
				TypeCache.ScanAssembly (0ms)
			BuildScriptInfoCaches (139ms)
			ResolveRequiredComponents (12ms)
	FinalizeReload (613ms)
		ReleaseScriptCaches (0ms)
		RebuildScriptCaches (0ms)
		SetupLoadedEditorAssemblies (445ms)
			LogAssemblyErrors (0ms)
			InitializePlatformSupportModulesInManaged (3ms)
			SetLoadedEditorAssemblies (6ms)
			BeforeProcessingInitializeOnLoad (93ms)
			ProcessInitializeOnLoadAttributes (285ms)
			ProcessInitializeOnLoadMethodAttributes (54ms)
			AfterProcessingInitializeOnLoad (4ms)
			EditorAssembliesLoaded (0ms)
		ExecutionOrderSort2 (0ms)
		AwakeInstancesAfterBackupRestoration (14ms)
Refreshing native plugins compatible for Editor in 1.33 ms, found 4 plugins.
Preloading 0 native plugins for Editor in 0.00 ms.
Unloading 34 Unused Serialized files (Serialized files now loaded: 0)
Unloading 6660 unused Assets / (7.2 MB). Loaded Objects now: 7441.
Memory consumption went from 185.7 MB to 178.6 MB.
Total: 10.569200 ms (FindLiveObjects: 0.496300 ms CreateObjectMapping: 0.692500 ms MarkObjects: 6.259300 ms  DeleteObjects: 3.115800 ms)

Prepare: number of updated asset objects reloaded= 0
